This is pdfTeX, Version 3.14159265-2.6-1.40.15 (TeX Live 2014) (preloaded format=pdflatex 2014.5.25)  30 OCT 2017 10:18
entering extended mode
 restricted \write18 enabled.
 file:line:error style messages enabled.
 %&-line parsing enabled.
**Ari_CV.tex
(./Ari_CV.tex
LaTeX2e <2014/05/01>
Babel <3.9k> and hyphenation patterns for 78 languages loaded.
(./res.cls
Document Style `res' <26 Sep 89>.
Document Class: res 2000/05/19 v1.4b Resume class
(/usr/local/texlive/2014/texmf-dist/tex/latex/base/article.cls
Document Class: article 2007/10/19 v1.4h Standard LaTeX document class
(/usr/local/texlive/2014/texmf-dist/tex/latex/base/size10.clo
File: size10.clo 2007/10/19 v1.4h Standard LaTeX file (size option)
)
\c@part=\count79
\c@section=\count80
\c@subsection=\count81
\c@subsubsection=\count82
\c@paragraph=\count83
\c@subparagraph=\count84
\c@figure=\count85
\c@table=\count86
\abovecaptionskip=\skip41
\belowcaptionskip=\skip42
\bibindent=\dimen102
)
No auxiliary output files.

\tabular@text=\toks14
\tabular@head=\toks15
\tabular@tail=\toks16
\@ta=\toks17
\undefined@token=\toks18
\sectionwidth=\dimen103
\sectionskip=\skip43
\resumewidth=\dimen104
\@columnwidth=\dimen105
\c@numberofcolumns=\count87
) (/usr/local/texlive/2014/texmf-dist/tex/latex/url/url.sty
\Urlmuskip=\muskip10
Package: url 2013/09/16  ver 3.4  Verb mode for urls, etc.
)
(/usr/local/texlive/2014/texmf-dist/tex/latex/psnfss/helvet.sty
Package: helvet 2005/04/12 PSNFSS-v9.2a (WaS) 

(/usr/local/texlive/2014/texmf-dist/tex/latex/graphics/keyval.sty
Package: keyval 2014/05/08 v1.15 key=value parser (DPC)
\KV@toks@=\toks19
))

LaTeX Warning: Unused global option(s):
    [10pt].

No file Ari_CV.aux.
LaTeX Font Info:    Checking defaults for OML/cmm/m/it on input line 30.
LaTeX Font Info:    ... okay on input line 30.
LaTeX Font Info:    Checking defaults for T1/cmr/m/n on input line 30.
LaTeX Font Info:    ... okay on input line 30.
LaTeX Font Info:    Checking defaults for OT1/cmr/m/n on input line 30.
LaTeX Font Info:    ... okay on input line 30.
LaTeX Font Info:    Checking defaults for OMS/cmsy/m/n on input line 30.
LaTeX Font Info:    ... okay on input line 30.
LaTeX Font Info:    Checking defaults for OMX/cmex/m/n on input line 30.
LaTeX Font Info:    ... okay on input line 30.
LaTeX Font Info:    Checking defaults for U/cmr/m/n on input line 30.
LaTeX Font Info:    ... okay on input line 30.
LaTeX Font Info:    External font `cmex10' loaded for size
(Font)              <7> on input line 50.
LaTeX Font Info:    External font `cmex10' loaded for size
(Font)              <5> on input line 50.

Underfull \hbox (badness 10000) in paragraph at lines 99--115

 []


Underfull \hbox (badness 10000) in paragraph at lines 99--115

 []


Underfull \hbox (badness 10000) in paragraph at lines 99--115

 []


Underfull \hbox (badness 10000) in paragraph at lines 99--115

 []


Underfull \hbox (badness 10000) in paragraph at lines 99--115

 []


Underfull \hbox (badness 10000) in paragraph at lines 99--115

 []


Underfull \hbox (badness 10000) in paragraph at lines 99--115

 []


Underfull \hbox (badness 10000) in paragraph at lines 99--115

 []


Underfull \hbox (badness 10000) in paragraph at lines 99--115

 []

[1

{/usr/local/texlive/2014/texmf-var/fonts/map/pdftex/updmap/pdftex.map}]
Underfull \hbox (badness 10000) in paragraph at lines 153--166

 []


Underfull \hbox (badness 10000) in paragraph at lines 153--166

 []


Underfull \hbox (badness 10000) in paragraph at lines 153--166

 []


Underfull \hbox (badness 10000) in paragraph at lines 153--166

 []


Underfull \hbox (badness 10000) in paragraph at lines 153--166

 []


Underfull \hbox (badness 10000) in paragraph at lines 153--166

 []


Underfull \hbox (badness 10000) in paragraph at lines 153--166

 []


Underfull \hbox (badness 10000) in paragraph at lines 153--166

 []


Underfull \hbox (badness 10000) in paragraph at lines 153--166

 []

[2]
Underfull \hbox (badness 10000) in paragraph at lines 180--182

 []


Underfull \hbox (badness 10000) in paragraph at lines 189--201

 []


Underfull \hbox (badness 10000) in paragraph at lines 189--201

 []


Underfull \hbox (badness 10000) in paragraph at lines 189--201

 []


Underfull \hbox (badness 10000) in paragraph at lines 189--201

 []


Underfull \hbox (badness 10000) in paragraph at lines 189--201

 []


Underfull \hbox (badness 10000) in paragraph at lines 189--201

 []


Underfull \hbox (badness 10000) in paragraph at lines 189--201

 []


Underfull \hbox (badness 10000) in paragraph at lines 189--201

 []


Underfull \hbox (badness 10000) in paragraph at lines 189--201

 []


Underfull \hbox (badness 10000) in paragraph at lines 189--201

 []


Underfull \hbox (badness 10000) in paragraph at lines 189--201

 []


Underfull \hbox (badness 10000) in paragraph at lines 189--201

 []


Underfull \hbox (badness 10000) in paragraph at lines 189--201

 []

[3]
Underfull \hbox (badness 10000) in paragraph at lines 212--229

 []


Underfull \hbox (badness 10000) in paragraph at lines 212--229

 []


Underfull \hbox (badness 10000) in paragraph at lines 212--229

 []


Underfull \hbox (badness 10000) in paragraph at lines 212--229

 []


Underfull \hbox (badness 10000) in paragraph at lines 212--229

 []


Underfull \hbox (badness 10000) in paragraph at lines 212--229

 []


Underfull \hbox (badness 10000) in paragraph at lines 212--229

 []


Underfull \hbox (badness 10000) in paragraph at lines 212--229

 []


Underfull \hbox (badness 10000) in paragraph at lines 212--229

 []


Underfull \hbox (badness 10000) in paragraph at lines 212--229

 []

[4] ) 
Here is how much of TeX's memory you used:
 405 strings out of 493117
 4708 string characters out of 6135433
 60201 words of memory out of 5000000
 3937 multiletter control sequences out of 15000+600000
 5381 words of font info for 20 fonts, out of 8000000 for 9000
 1141 hyphenation exceptions out of 8191
 29i,9n,21p,268b,263s stack positions out of 5000i,500n,10000p,200000b,80000s
</usr/local/texlive/2014/texmf-dist/fonts/type1/public/amsfonts/cm/cmbx10.
pfb></usr/local/texlive/2014/texmf-dist/fonts/type1/public/amsfonts/cm/cmbx12.p
fb></usr/local/texlive/2014/texmf-dist/fonts/type1/public/amsfonts/cm/cmr10.pfb
></usr/local/texlive/2014/texmf-dist/fonts/type1/public/amsfonts/cm/cmsl10.pfb>
</usr/local/texlive/2014/texmf-dist/fonts/type1/public/amsfonts/cm/cmtt10.pfb>
Output written on Ari_CV.pdf (4 pages, 93342 bytes).
PDF statistics:
 37 PDF objects out of 1000 (max. 8388607)
 25 compressed objects within 1 object stream
 0 named destinations out of 1000 (max. 500000)
 1 words of extra memory for PDF output out of 10000 (max. 10000000)

